#
# There is insufficient memory for the Java Runtime Environment to continue.
# Native memory allocation (mmap) failed to map 335544320 bytes for G1 virtual space
# Possible reasons:
#   The system is out of physical RAM or swap space
#   The process is running with CompressedOops enabled, and the Java Heap may be blocking the growth of the native heap
# Possible solutions:
#   Reduce memory load on the system
#   Increase physical memory or swap space
#   Check if swap backing store is full
#   Decrease Java heap size (-Xmx/-Xms)
#   Decrease number of Java threads
#   Decrease Java thread stack sizes (-Xss)
#   Set larger code cache with -XX:ReservedCodeCacheSize=
#   JVM is running with Zero Based Compressed Oops mode in which the Java heap is
#     placed in the first 32GB address space. The Java Heap base address is the
#     maximum limit for the native heap growth. Please use -XX:HeapBaseMinAddress
#     to set the Java Heap base and to place the Java Heap above 32GB virtual address.
# This output file may be truncated or incomplete.
#
#  Out of Memory Error (os_windows.cpp:3771), pid=12804, tid=1832
#
# JRE version:  (17.0.7) (build )
# Java VM: OpenJDK 64-Bit Server VM (17.0.7+0-b2043.56-10550314, mixed mode, sharing, tiered, compressed oops, compressed class ptrs, g1 gc, windows-amd64)
# No core dump will be written. Minidumps are not enabled by default on client versions of Windows
#

---------------  S U M M A R Y ------------

Command Line: org.jetbrains.kotlin.cli.jvm.K2JVMCompiler @D:\Projects\AndroidStudioProjects\BaseMVVM\app\build\20230911_10365059436504656661.compiler.options

Host: Intel(R) Core(TM) i5-8250U CPU @ 1.60GHz, 8 cores, 19G,  Windows 11 , 64 bit Build 22621 (10.0.22621.2070)
Time: Mon Sep 11 13:54:12 2023  Windows 11 , 64 bit Build 22621 (10.0.22621.2070) elapsed time: 0.018157 seconds (0d 0h 0m 0s)

---------------  T H R E A D  ---------------

Current thread (0x00000204e28615f0):  JavaThread "Unknown thread" [_thread_in_vm, id=1832, stack(0x00000020d8e00000,0x00000020d8f00000)]

Stack: [0x00000020d8e00000,0x00000020d8f00000]
Native frames: (J=compiled Java code, j=interpreted, Vv=VM code, C=native code)
V  [jvm.dll+0x683bfa]
V  [jvm.dll+0x8430a4]
V  [jvm.dll+0x8449be]
V  [jvm.dll+0x845023]
V  [jvm.dll+0x24ad2f]
V  [jvm.dll+0x680ac9]
V  [jvm.dll+0x67519a]
V  [jvm.dll+0x30b3cb]
V  [jvm.dll+0x312876]
V  [jvm.dll+0x36221e]
V  [jvm.dll+0x36244f]
V  [jvm.dll+0x2e14a8]
V  [jvm.dll+0x2e2414]
V  [jvm.dll+0x814391]
V  [jvm.dll+0x36ffe1]
V  [jvm.dll+0x7f396c]
V  [jvm.dll+0x3f305f]
V  [jvm.dll+0x3f4b91]
C  [jli.dll+0x528f]
C  [ucrtbase.dll+0x29363]
C  [KERNEL32.DLL+0x126ad]
C  [ntdll.dll+0x5aa68]


---------------  P R O C E S S  ---------------

Threads class SMR info:
_java_thread_list=0x00007ffbc3d1d098, length=0, elements={
}

Java Threads: ( => current thread )

Other Threads:
  0x00000204e28daea0 GCTaskThread "GC Thread#0" [stack: 0x00000020d8f00000,0x00000020d9000000] [id=5412]
  0x00000204e28e5e90 ConcurrentGCThread "G1 Main Marker" [stack: 0x00000020d9000000,0x00000020d9100000] [id=11252]
  0x00000204e28e7040 ConcurrentGCThread "G1 Conc#0" [stack: 0x00000020d9100000,0x00000020d9200000] [id=9200]

[error occurred during error reporting (printing all threads), id 0xc0000005, EXCEPTION_ACCESS_VIOLATION (0xc0000005) at pc=0x00007ffbc34d2087]

VM state: not at safepoint (not fully initialized)

VM Mutex/Monitor currently owned by a thread:  ([mutex/lock_event])
[0x00000204e285dc60] Heap_lock - owner thread: 0x00000204e28615f0

Heap address: 0x00000006c1400000, size: 5100 MB, Compressed Oops mode: Zero based, Oop shift amount: 3

CDS archive(s) mapped at: [0x0000000000000000-0x0000000000000000-0x0000000000000000), size 0, SharedBaseAddress: 0x0000000800000000, ArchiveRelocationMode: 0.
Narrow klass base: 0x0000000000000000, Narrow klass shift: 0, Narrow klass range: 0x0

GC Precious Log:
<Empty>

Heap:
 garbage-first heap   total 0K, used 0K [0x00000006c1400000, 0x0000000800000000)
  region size 4096K, 0 young (0K), 0 survivors (0K)
 Metaspace       used 0K, committed 0K, reserved 0K
  class space    used 0K, committed 0K, reserved 0K

Heap Regions: E=young(eden), S=young(survivor), O=old, HS=humongous(starts), HC=humongous(continues), CS=collection set, F=free, OA=open archive, CA=closed archive, TAMS=top-at-mark-start (previous, next)

Card table byte_map: [0x00000204f7990000,0x00000204f8390000] _byte_map_base: 0x00000204f4386000

Marking Bits (Prev, Next): (CMBitMap*) 0x00000204e28db4b0, (CMBitMap*) 0x00000204e28db4f0
 Prev Bits: [0x00000204f8d90000, 0x00000204fdd40000)
 Next Bits: [0x0000020480000000, 0x0000020484fb0000)

GC Heap History (0 events):
No events

Dll operation events (1 events):
Event: 0.013 Loaded shared library E:\Android Studio Preview\jbr\bin\java.dll

Deoptimization events (0 events):
No events

Classes unloaded (0 events):
No events

Classes redefined (0 events):
No events

Internal exceptions (0 events):
No events

VM Operations (0 events):
No events

Events (0 events):
No events


Dynamic libraries:
0x00007ff6282d0000 - 0x00007ff6282da000 	E:\Android Studio Preview\jbr\bin\java.exe
0x00007ffc21810000 - 0x00007ffc21a24000 	C:\WINDOWS\SYSTEM32\ntdll.dll
0x00007ffc1fe80000 - 0x00007ffc1ff44000 	C:\WINDOWS\System32\KERNEL32.DLL
0x00007ffc1ef90000 - 0x00007ffc1f334000 	C:\WINDOWS\System32\KERNELBASE.dll
0x00007ffc1ec60000 - 0x00007ffc1ed71000 	C:\WINDOWS\System32\ucrtbase.dll
0x00007ffc06550000 - 0x00007ffc0656b000 	E:\Android Studio Preview\jbr\bin\VCRUNTIME140.dll
0x00007ffc15ae0000 - 0x00007ffc15af7000 	E:\Android Studio Preview\jbr\bin\jli.dll
0x00007ffc1fa80000 - 0x00007ffc1fc2a000 	C:\WINDOWS\System32\USER32.dll
0x00007ffc1f520000 - 0x00007ffc1f546000 	C:\WINDOWS\System32\win32u.dll
0x00007ffc03d30000 - 0x00007ffc03fbf000 	C:\WINDOWS\WinSxS\amd64_microsoft.windows.common-controls_6595b64144ccf1df_6.0.22621.2070_none_2713e6537381f706\COMCTL32.dll
0x00007ffc20320000 - 0x00007ffc203c7000 	C:\WINDOWS\System32\msvcrt.dll
0x00007ffc1fd40000 - 0x00007ffc1fd69000 	C:\WINDOWS\System32\GDI32.dll
0x00007ffc1f400000 - 0x00007ffc1f519000 	C:\WINDOWS\System32\gdi32full.dll
0x00007ffc1eef0000 - 0x00007ffc1ef8a000 	C:\WINDOWS\System32\msvcp_win.dll
0x00007ffc203d0000 - 0x00007ffc20401000 	C:\WINDOWS\System32\IMM32.DLL
0x00007ffc19850000 - 0x00007ffc19877000 	C:\AeroGlass\UxThemeSignatureBypass\UxThemeSignatureBypass64.dll
0x00007ffc06540000 - 0x00007ffc0654c000 	E:\Android Studio Preview\jbr\bin\vcruntime140_1.dll
0x00007ffbbfa10000 - 0x00007ffbbfa9d000 	E:\Android Studio Preview\jbr\bin\msvcp140.dll
0x00007ffbc31e0000 - 0x00007ffbc3e60000 	E:\Android Studio Preview\jbr\bin\server\jvm.dll
0x00007ffc20b60000 - 0x00007ffc20c10000 	C:\WINDOWS\System32\ADVAPI32.dll
0x00007ffc21580000 - 0x00007ffc21626000 	C:\WINDOWS\System32\sechost.dll
0x00007ffc20410000 - 0x00007ffc20527000 	C:\WINDOWS\System32\RPCRT4.dll
0x00007ffc18880000 - 0x00007ffc18889000 	C:\WINDOWS\SYSTEM32\WSOCK32.dll
0x00007ffc202a0000 - 0x00007ffc20311000 	C:\WINDOWS\System32\WS2_32.dll
0x00007ffc148c0000 - 0x00007ffc148f4000 	C:\WINDOWS\SYSTEM32\WINMM.dll
0x00007ffc13f20000 - 0x00007ffc13f2a000 	C:\WINDOWS\SYSTEM32\VERSION.dll
0x00007ffc1dcd0000 - 0x00007ffc1dce8000 	C:\WINDOWS\SYSTEM32\kernel.appcore.dll
0x00007ffc17050000 - 0x00007ffc1705a000 	E:\Android Studio Preview\jbr\bin\jimage.dll
0x00007ffc19600000 - 0x00007ffc1982e000 	C:\WINDOWS\SYSTEM32\DBGHELP.DLL
0x00007ffc1f690000 - 0x00007ffc1fa1a000 	C:\WINDOWS\System32\combase.dll
0x00007ffc21630000 - 0x00007ffc21707000 	C:\WINDOWS\System32\OLEAUT32.dll
0x00007ffc067d0000 - 0x00007ffc06802000 	C:\WINDOWS\SYSTEM32\dbgcore.DLL
0x00007ffc1f550000 - 0x00007ffc1f5ca000 	C:\WINDOWS\System32\bcryptPrimitives.dll
0x00007ffc16f70000 - 0x00007ffc16f95000 	E:\Android Studio Preview\jbr\bin\java.dll

dbghelp: loaded successfully - version: 4.0.5 - missing functions: none
symbol engine: initialized successfully - sym options: 0x614 - pdb path: .;E:\Android Studio Preview\jbr\bin;C:\WINDOWS\SYSTEM32;C:\WINDOWS\WinSxS\amd64_microsoft.windows.common-controls_6595b64144ccf1df_6.0.22621.2070_none_2713e6537381f706;C:\AeroGlass\UxThemeSignatureBypass;E:\Android Studio Preview\jbr\bin\server

VM Arguments:
java_command: org.jetbrains.kotlin.cli.jvm.K2JVMCompiler @D:\Projects\AndroidStudioProjects\BaseMVVM\app\build\20230911_10365059436504656661.compiler.options
java_class_path (initial): D:\MI\.gradle\caches\modules-2\files-2.1\org.jetbrains.kotlin\kotlin-compiler-embeddable\1.9.10\57ca1b0823ae3ecb451a97e1f8e6de0b19ea5294\kotlin-compiler-embeddable-1.9.10.jar;D:\MI\.gradle\caches\modules-2\files-2.1\org.jetbrains.kotlin\kotlin-stdlib\1.9.10\72812e8a368917ab5c0a5081b56915ffdfec93b7\kotlin-stdlib-1.9.10.jar;D:\MI\.gradle\caches\modules-2\files-2.1\org.jetbrains.kotlin\kotlin-script-runtime\1.9.10\398513a8534701579cccaf5953ea914416b4696c\kotlin-script-runtime-1.9.10.jar;D:\MI\.gradle\caches\modules-2\files-2.1\org.jetbrains.kotlin\kotlin-reflect\1.6.10\1cbe9c92c12a94eea200d23c2bbaedaf3daf5132\kotlin-reflect-1.6.10.jar;D:\MI\.gradle\caches\modules-2\files-2.1\org.jetbrains.kotlin\kotlin-daemon-embeddable\1.9.10\bda2f7daa6b89d2ded2d9e1e0b0cadaf9446ade1\kotlin-daemon-embeddable-1.9.10.jar;D:\MI\.gradle\caches\modules-2\files-2.1\org.jetbrains.intellij.deps\trove4j\1.0.20200330\3afb14d5f9ceb459d724e907a21145e8ff394f02\trove4j-1.0.20200330.jar;D:\MI\.gradle\caches\modules-2\files-2.1\org.jetbrains.kotlin\kotlin-stdlib-common\1.9.10\dafaf2c27f27c09220cee312df10917d9a5d97ce\kotlin-stdlib-common-1.9.10.jar;D:\MI\.gradle\caches\modules-2\files-2.1\org.jetbrains\annotations\13.0\919f0dfe192fb4e063e7dacadee7f8bb9a2672a9\annotations-13.0.jar
Launcher Type: SUN_STANDARD

[Global flags]
     intx CICompilerCount                          = 4                                         {product} {ergonomic}
     uint ConcGCThreads                            = 2                                         {product} {ergonomic}
     uint G1ConcRefinementThreads                  = 8                                         {product} {ergonomic}
   size_t G1HeapRegionSize                         = 4194304                                   {product} {ergonomic}
    uintx GCDrainStackTargetSize                   = 64                                        {product} {ergonomic}
   size_t InitialHeapSize                          = 335544320                                 {product} {ergonomic}
   size_t MarkStackSize                            = 4194304                                   {product} {ergonomic}
   size_t MaxHeapSize                              = 5347737600                                {product} {ergonomic}
   size_t MinHeapDeltaBytes                        = 4194304                                   {product} {ergonomic}
   size_t MinHeapSize                              = 8388608                                   {product} {ergonomic}
    uintx NonNMethodCodeHeapSize                   = 5839372                                {pd product} {ergonomic}
    uintx NonProfiledCodeHeapSize                  = 122909434                              {pd product} {ergonomic}
    uintx ProfiledCodeHeapSize                     = 122909434                              {pd product} {ergonomic}
    uintx ReservedCodeCacheSize                    = 251658240                              {pd product} {ergonomic}
     bool SegmentedCodeCache                       = true                                      {product} {ergonomic}
   size_t SoftMaxHeapSize                          = 5347737600                             {manageable} {ergonomic}
     bool UseCompressedClassPointers               = true                           {product lp64_product} {ergonomic}
     bool UseCompressedOops                        = true                           {product lp64_product} {ergonomic}
     bool UseG1GC                                  = true                                      {product} {ergonomic}
     bool UseLargePagesIndividualAllocation        = false                                  {pd product} {ergonomic}

Logging:
Log output configuration:
 #0: stdout all=warning uptime,level,tags
 #1: stderr all=off uptime,level,tags

Environment Variables:
PATH=C:\Program Files (x86)\Common Files\Oracle\Java\javapath;C:\Program Files (x86)\Intel\Intel(R) Management Engine Components\iCLS\;C:\Program Files\Intel\Intel(R) Management Engine Components\iCLS\;C:\Windows\system32;C:\Windows;C:\Windows\System32\Wbem;C:\Windows\System32\WindowsPowerShell\v1.0\;C:\Windows\System32\OpenSSH\;C:\Program Files (x86)\Intel\Intel(R) Management Engine Components\DAL;C:\Program Files\Intel\Intel(R) Management Engine Components\DAL;C:\Program Files (x86)\Intel\Intel(R) Management Engine Components\IPT;C:\Program Files\Intel\Intel(R) Management Engine Components\IPT;C:\Program Files (x86)\NVIDIA Corporation\PhysX\Common;C:\WINDOWS\system32;C:\WINDOWS;C:\WINDOWS\System32\Wbem;C:\WINDOWS\System32\WindowsPowerShell\v1.0\;C:\WINDOWS\System32\OpenSSH\;E:\Git\cmd;D:\Projects\AndroidStudioProjects\Sdk\ndk\25.2.9519653;E:\Tesseract-OCR;C:\Program Files\dotnet\;D:\Projects\SDK\flutter\bin;D:\Projects\SDK\flutter\bin\cache\dart-sdk\bin;C:\Users\MI\AppData\Local\Microsoft\WindowsApps;;E:\Microsoft VS Code\bin
USERNAME=MI
OS=Windows_NT
PROCESSOR_IDENTIFIER=Intel64 Family 6 Model 142 Stepping 10, GenuineIntel
TMP=C:\Users\MI\AppData\Local\Temp
TEMP=C:\Users\MI\AppData\Local\Temp


JNI global refs:
JNI global refs: 0, weak refs: 0

JNI global refs memory usage: 0, weak refs: 0

OOME stack traces (most recent first):
Classloader memory used:


---------------  S Y S T E M  ---------------

OS:
 Windows 11 , 64 bit Build 22621 (10.0.22621.2070)
OS uptime: 0 days 2:30 hours

CPU: total 8 (initial active 8) (4 cores per cpu, 2 threads per core) family 6 model 142 stepping 10 microcode 0xe0, cx8, cmov, fxsr, ht, mmx, 3dnowpref, sse, sse2, sse3, ssse3, sse4.1, sse4.2, popcnt, lzcnt, tsc, tscinvbit, avx, avx2, aes, erms, clmul, bmi1, bmi2, adx, fma, vzeroupper, clflush, clflushopt

Memory: 4k page, system-wide physical 20386M (4007M free)
TotalPageFile size 20402M (AvailPageFile size 428M)
current process WorkingSet (physical memory assigned to process): 11M, peak: 11M
current process commit charge ("private bytes"): 60M, peak: 380M

vm_info: OpenJDK 64-Bit Server VM (17.0.7+0-b2043.56-10550314) for windows-amd64 JRE (17.0.7+0-b2043.56-10550314), built on Jul 24 2023 18:27:45 by "androidbuild" with MS VC++ 16.10 / 16.11 (VS2019)

END.
